::1 - - [21/Apr/2019:09:43:43 +0000] "GET / HTTP/1.1" 200 - "-" "Mozilla/5.0 (Windows NT 10.0; Win64; x64) AppleWebKit/537.36 (KHTML, like Gecko) Chrome/73.0.3683.103 Safari/537.36"
::1 - - [21/Apr/2019:09:43:43 +0000] "GET /css/product.css HTTP/1.1" 200 379 "http://localhost:3000/" "Mozilla/5.0 (Windows NT 10.0; Win64; x64) AppleWebKit/537.36 (KHTML, like Gecko) Chrome/73.0.3683.103 Safari/537.36"
::1 - - [21/Apr/2019:09:43:43 +0000] "GET /images/1555613791045-horse.jpg HTTP/1.1" 200 36879 "http://localhost:3000/" "Mozilla/5.0 (Windows NT 10.0; Win64; x64) AppleWebKit/537.36 (KHTML, like Gecko) Chrome/73.0.3683.103 Safari/537.36"
::1 - - [21/Apr/2019:09:43:43 +0000] "GET /css/main.css HTTP/1.1" 200 - "http://localhost:3000/" "Mozilla/5.0 (Windows NT 10.0; Win64; x64) AppleWebKit/537.36 (KHTML, like Gecko) Chrome/73.0.3683.103 Safari/537.36"
::1 - - [21/Apr/2019:09:43:43 +0000] "GET /js/main.js HTTP/1.1" 200 519 "http://localhost:3000/" "Mozilla/5.0 (Windows NT 10.0; Win64; x64) AppleWebKit/537.36 (KHTML, like Gecko) Chrome/73.0.3683.103 Safari/537.36"
::1 - - [21/Apr/2019:09:44:00 +0000] "GET /products HTTP/1.1" 200 - "http://localhost:3000/" "Mozilla/5.0 (Windows NT 10.0; Win64; x64) AppleWebKit/537.36 (KHTML, like Gecko) Chrome/73.0.3683.103 Safari/537.36"
::1 - - [21/Apr/2019:09:44:00 +0000] "GET /css/product.css HTTP/1.1" 200 379 "http://localhost:3000/products" "Mozilla/5.0 (Windows NT 10.0; Win64; x64) AppleWebKit/537.36 (KHTML, like Gecko) Chrome/73.0.3683.103 Safari/537.36"
::1 - - [21/Apr/2019:09:44:00 +0000] "GET /css/main.css HTTP/1.1" 200 - "http://localhost:3000/products" "Mozilla/5.0 (Windows NT 10.0; Win64; x64) AppleWebKit/537.36 (KHTML, like Gecko) Chrome/73.0.3683.103 Safari/537.36"
::1 - - [21/Apr/2019:09:44:00 +0000] "GET /js/main.js HTTP/1.1" 200 519 "http://localhost:3000/products" "Mozilla/5.0 (Windows NT 10.0; Win64; x64) AppleWebKit/537.36 (KHTML, like Gecko) Chrome/73.0.3683.103 Safari/537.36"
::1 - - [21/Apr/2019:09:44:00 +0000] "GET /images/1555613791045-horse.jpg HTTP/1.1" 200 36879 "http://localhost:3000/products" "Mozilla/5.0 (Windows NT 10.0; Win64; x64) AppleWebKit/537.36 (KHTML, like Gecko) Chrome/73.0.3683.103 Safari/537.36"
::1 - - [21/Apr/2019:09:44:03 +0000] "GET /products/5cb8c85f610c281618752195 HTTP/1.1" 200 - "http://localhost:3000/products" "Mozilla/5.0 (Windows NT 10.0; Win64; x64) AppleWebKit/537.36 (KHTML, like Gecko) Chrome/73.0.3683.103 Safari/537.36"
::1 - - [21/Apr/2019:09:44:03 +0000] "GET /images/1555613791045-horse.jpg HTTP/1.1" 200 36879 "http://localhost:3000/products/5cb8c85f610c281618752195" "Mozilla/5.0 (Windows NT 10.0; Win64; x64) AppleWebKit/537.36 (KHTML, like Gecko) Chrome/73.0.3683.103 Safari/537.36"
::1 - - [21/Apr/2019:09:44:03 +0000] "GET /css/main.css HTTP/1.1" 200 - "http://localhost:3000/products/5cb8c85f610c281618752195" "Mozilla/5.0 (Windows NT 10.0; Win64; x64) AppleWebKit/537.36 (KHTML, like Gecko) Chrome/73.0.3683.103 Safari/537.36"
::1 - - [21/Apr/2019:09:44:03 +0000] "GET /js/main.js HTTP/1.1" 200 519 "http://localhost:3000/products/5cb8c85f610c281618752195" "Mozilla/5.0 (Windows NT 10.0; Win64; x64) AppleWebKit/537.36 (KHTML, like Gecko) Chrome/73.0.3683.103 Safari/537.36"
::1 - - [21/Apr/2019:09:59:33 +0000] "GET / HTTP/1.1" 200 - "-" "Mozilla/5.0 (Windows NT 10.0; Win64; x64) AppleWebKit/537.36 (KHTML, like Gecko) Chrome/73.0.3683.103 Safari/537.36"
::1 - - [21/Apr/2019:09:59:33 +0000] "GET /css/product.css HTTP/1.1" 200 379 "https://localhost:3000/" "Mozilla/5.0 (Windows NT 10.0; Win64; x64) AppleWebKit/537.36 (KHTML, like Gecko) Chrome/73.0.3683.103 Safari/537.36"
::1 - - [21/Apr/2019:09:59:33 +0000] "GET /images/1555613791045-horse.jpg HTTP/1.1" 200 36879 "https://localhost:3000/" "Mozilla/5.0 (Windows NT 10.0; Win64; x64) AppleWebKit/537.36 (KHTML, like Gecko) Chrome/73.0.3683.103 Safari/537.36"
::1 - - [21/Apr/2019:09:59:33 +0000] "GET /css/main.css HTTP/1.1" 200 - "https://localhost:3000/" "Mozilla/5.0 (Windows NT 10.0; Win64; x64) AppleWebKit/537.36 (KHTML, like Gecko) Chrome/73.0.3683.103 Safari/537.36"
::1 - - [21/Apr/2019:09:59:33 +0000] "GET /js/main.js HTTP/1.1" 200 519 "https://localhost:3000/" "Mozilla/5.0 (Windows NT 10.0; Win64; x64) AppleWebKit/537.36 (KHTML, like Gecko) Chrome/73.0.3683.103 Safari/537.36"
::1 - - [21/Apr/2019:09:59:33 +0000] "GET /favicon.ico HTTP/1.1" 404 - "https://localhost:3000/" "Mozilla/5.0 (Windows NT 10.0; Win64; x64) AppleWebKit/537.36 (KHTML, like Gecko) Chrome/73.0.3683.103 Safari/537.36"
